19:03:20.055 [main] INFO  testCases.TC_020_Transactions - Provided Email 
19:03:20.284 [main] INFO  testCases.TC_020_Transactions - Provided Password 
19:03:21.313 [main] INFO  testCases.TC_020_Transactions - Clicked on Login
19:03:22.651 [main] INFO  testCases.TC_020_Transactions - Clicked On The Your Transactions
19:24:33.956 [main] INFO  testCases.TC_021_RecurringPayment - Launched chrome Browser
19:24:34.098 [main] INFO  testCases.TC_021_RecurringPayment - Starting TC_021_MyAccountInformation
19:24:42.214 [main] INFO  testCases.TC_021_RecurringPayment - Home Page Displayed 
19:24:44.686 [main] INFO  testCases.TC_021_RecurringPayment - Clicked On The My Account
19:24:47.700 [main] INFO  testCases.TC_021_RecurringPayment - Clicked On the Login
19:24:50.478 [main] INFO  testCases.TC_021_RecurringPayment - Provided Email 
19:24:50.623 [main] INFO  testCases.TC_021_RecurringPayment - Provided Password 
19:24:51.950 [main] INFO  testCases.TC_021_RecurringPayment - Clicked on Login
19:24:53.615 [main] INFO  testCases.TC_021_RecurringPayment - Clicked On The Recurring Payment
19:33:56.031 [main] INFO  testCases.TC_022_NewsLetter - Launched chrome Browser
19:33:56.094 [main] INFO  testCases.TC_022_NewsLetter - Starting TC_022_MyAccountInformation
19:34:01.697 [main] INFO  testCases.TC_022_NewsLetter - Home Page Displayed 
19:34:03.138 [main] INFO  testCases.TC_022_NewsLetter - Clicked On The My Account
19:34:06.396 [main] INFO  testCases.TC_022_NewsLetter - Clicked On the Login
19:34:08.600 [main] INFO  testCases.TC_022_NewsLetter - Provided Email 
19:34:08.750 [main] INFO  testCases.TC_022_NewsLetter - Provided Password 
19:34:09.795 [main] INFO  testCases.TC_022_NewsLetter - Clicked on Login
19:34:11.488 [main] INFO  testCases.TC_022_NewsLetter - Clicked On The NewsLetter
19:34:14.278 [main] INFO  testCases.TC_022_NewsLetter - Clicked On The Continue Button
19:54:31.017 [main] INFO  testCases.TC_022_NewsLetter - Launched chrome Browser
19:54:31.058 [main] INFO  testCases.TC_022_NewsLetter - Starting TC_022_MyAccountInformation
19:54:37.063 [main] INFO  testCases.TC_022_NewsLetter - Home Page Displayed 
19:54:39.819 [main] INFO  testCases.TC_022_NewsLetter - Clicked On The My Account
19:54:42.596 [main] INFO  testCases.TC_022_NewsLetter - Clicked On the Login
19:54:44.823 [main] INFO  testCases.TC_022_NewsLetter - Provided Email 
19:54:44.971 [main] INFO  testCases.TC_022_NewsLetter - Provided Password 
19:54:46.077 [main] INFO  testCases.TC_022_NewsLetter - Clicked on Login
19:54:47.324 [main] INFO  testCases.TC_022_NewsLetter - Clicked On The NewsLetter
19:54:50.726 [main] INFO  testCases.TC_022_NewsLetter - Clicked On The Continue Button
19:54:52.873 [main] ERROR testCases.TC_022_NewsLetter - Account Registration Failed 
21:16:16.715 [main] INFO  testCases.TC_022_NewsLetter - Launched chrome Browser
21:16:17.179 [main] INFO  testCases.TC_022_NewsLetter - Starting TC_022_MyAccountInformation
21:16:23.365 [main] INFO  testCases.TC_022_NewsLetter - Home Page Displayed 
21:16:25.798 [main] INFO  testCases.TC_022_NewsLetter - Clicked On The My Account
21:16:28.839 [main] INFO  testCases.TC_022_NewsLetter - Clicked On the Login
21:16:31.075 [main] INFO  testCases.TC_022_NewsLetter - Provided Email 
21:16:31.234 [main] INFO  testCases.TC_022_NewsLetter - Provided Password 
21:16:35.015 [main] INFO  testCases.TC_022_NewsLetter - Clicked on Login
21:16:38.649 [main] INFO  testCases.TC_022_NewsLetter - Clicked On The NewsLetter
21:16:43.671 [main] INFO  testCases.TC_022_NewsLetter - Clicked On The Continue Button
21:16:45.752 [main] ERROR testCases.TC_022_NewsLetter - Account Registration Failed 
21:19:05.925 [main] INFO  testCases.TC_022_NewsLetter - Launched chrome Browser
21:19:05.990 [main] INFO  testCases.TC_022_NewsLetter - Starting TC_022_MyAccountInformation
21:19:14.883 [main] INFO  testCases.TC_022_NewsLetter - Home Page Displayed 
21:19:30.034 [main] FATAL testCases.TC_022_NewsLetter - test news letter
21:20:20.866 [main] INFO  testCases.TC_022_NewsLetter - Launched chrome Browser
21:20:21.079 [main] INFO  testCases.TC_022_NewsLetter - Starting TC_022_MyAccountInformation
21:20:27.513 [main] INFO  testCases.TC_022_NewsLetter - Home Page Displayed 
21:20:29.692 [main] INFO  testCases.TC_022_NewsLetter - Clicked On The My Account
21:20:32.603 [main] INFO  testCases.TC_022_NewsLetter - Clicked On the Login
21:20:34.850 [main] INFO  testCases.TC_022_NewsLetter - Provided Email 
21:20:35.019 [main] INFO  testCases.TC_022_NewsLetter - Provided Password 
21:20:41.010 [main] INFO  testCases.TC_022_NewsLetter - Clicked on Login
21:20:43.561 [main] INFO  testCases.TC_022_NewsLetter - Clicked On The NewsLetter
21:20:48.061 [main] INFO  testCases.TC_022_NewsLetter - Clicked On The Continue Button
21:20:50.130 [main] ERROR testCases.TC_022_NewsLetter - Account Registration Failed 
21:25:41.295 [main] INFO  testCases.TC_022_NewsLetter - Launched chrome Browser
21:25:41.343 [main] INFO  testCases.TC_022_NewsLetter - Starting TC_022_MyAccountInformation
21:25:43.693 [main] INFO  testCases.TC_022_NewsLetter - Home Page Displayed 
21:25:44.792 [main] INFO  testCases.TC_022_NewsLetter - Clicked On The My Account
21:25:47.575 [main] INFO  testCases.TC_022_NewsLetter - Clicked On the Login
21:25:49.818 [main] INFO  testCases.TC_022_NewsLetter - Provided Email 
21:25:49.998 [main] INFO  testCases.TC_022_NewsLetter - Provided Password 
21:25:51.237 [main] INFO  testCases.TC_022_NewsLetter - Clicked on Login
21:25:52.576 [main] INFO  testCases.TC_022_NewsLetter - Clicked On The NewsLetter
21:25:56.017 [main] INFO  testCases.TC_022_NewsLetter - Clicked On The Continue Button
21:25:58.079 [main] ERROR testCases.TC_022_NewsLetter - News Letter Failed 
21:28:39.817 [main] INFO  testCases.TC_022_NewsLetter - Launched chrome Browser
21:28:39.880 [main] INFO  testCases.TC_022_NewsLetter - Starting TC_022_MyAccountInformation
21:28:44.283 [main] INFO  testCases.TC_022_NewsLetter - Home Page Displayed 
21:28:47.322 [main] INFO  testCases.TC_022_NewsLetter - Clicked On The My Account
21:28:50.249 [main] INFO  testCases.TC_022_NewsLetter - Clicked On the Login
21:28:52.648 [main] INFO  testCases.TC_022_NewsLetter - Provided Email 
21:28:52.822 [main] INFO  testCases.TC_022_NewsLetter - Provided Password 
21:28:54.189 [main] INFO  testCases.TC_022_NewsLetter - Clicked on Login
21:28:54.829 [main] INFO  testCases.TC_022_NewsLetter - Clicked On The NewsLetter
21:28:57.638 [main] INFO  testCases.TC_022_NewsLetter - Clicked On The Continue Button
21:28:59.712 [main] ERROR testCases.TC_022_NewsLetter - News Letter Failed 
21:30:47.863 [main] INFO  testCases.TC_022_NewsLetter - Launched chrome Browser
21:30:47.895 [main] INFO  testCases.TC_022_NewsLetter - Starting TC_022_MyAccountInformation
21:30:50.280 [main] INFO  testCases.TC_022_NewsLetter - Home Page Displayed 
21:30:51.256 [main] INFO  testCases.TC_022_NewsLetter - Clicked On The My Account
21:30:54.422 [main] INFO  testCases.TC_022_NewsLetter - Clicked On the Login
21:30:56.664 [main] INFO  testCases.TC_022_NewsLetter - Provided Email 
21:30:56.817 [main] INFO  testCases.TC_022_NewsLetter - Provided Password 
21:30:58.207 [main] INFO  testCases.TC_022_NewsLetter - Clicked on Login
21:30:58.927 [main] INFO  testCases.TC_022_NewsLetter - Clicked On The NewsLetter
21:31:02.480 [main] INFO  testCases.TC_022_NewsLetter - Clicked On The Continue Button
21:31:04.540 [main] ERROR testCases.TC_022_NewsLetter - News Letter Failed 
21:31:55.677 [main] INFO  testCases.TC_022_NewsLetter - Launched chrome Browser
21:31:55.825 [main] INFO  testCases.TC_022_NewsLetter - Starting TC_022_MyAccountInformation
21:32:00.640 [main] INFO  testCases.TC_022_NewsLetter - Home Page Displayed 
21:32:01.661 [main] INFO  testCases.TC_022_NewsLetter - Clicked On The My Account
21:32:04.616 [main] INFO  testCases.TC_022_NewsLetter - Clicked On the Login
21:32:06.846 [main] INFO  testCases.TC_022_NewsLetter - Provided Email 
21:32:06.979 [main] INFO  testCases.TC_022_NewsLetter - Provided Password 
21:32:07.995 [main] INFO  testCases.TC_022_NewsLetter - Clicked on Login
21:32:08.949 [main] INFO  testCases.TC_022_NewsLetter - Clicked On The NewsLetter
21:32:12.642 [main] INFO  testCases.TC_022_NewsLetter - Clicked On The Continue Button
21:32:14.743 [main] ERROR testCases.TC_022_NewsLetter - News Letter Failed 
21:36:16.517 [main] INFO  testCases.TC_022_NewsLetter - Launched chrome Browser
21:36:16.577 [main] INFO  testCases.TC_022_NewsLetter - Starting TC_022_MyAccountInformation
21:36:23.813 [main] INFO  testCases.TC_022_NewsLetter - Home Page Displayed 
21:36:27.257 [main] INFO  testCases.TC_022_NewsLetter - Clicked On The My Account
21:36:30.489 [main] INFO  testCases.TC_022_NewsLetter - Clicked On the Login
21:36:32.728 [main] INFO  testCases.TC_022_NewsLetter - Provided Email 
21:36:32.997 [main] INFO  testCases.TC_022_NewsLetter - Provided Password 
21:36:34.535 [main] INFO  testCases.TC_022_NewsLetter - Clicked on Login
21:36:35.604 [main] INFO  testCases.TC_022_NewsLetter - Clicked On The NewsLetter
21:36:38.593 [main] INFO  testCases.TC_022_NewsLetter - Clicked On The Continue Button
21:36:40.600 [main] INFO  testCases.TC_022_NewsLetter - Finished TC_022_NewsLetter
21:52:16.352 [main] INFO  testCases.TC_023_Affiliate - Launched chrome Browser
21:52:16.413 [main] INFO  testCases.TC_023_Affiliate - Starting TC_023_MyAccountInformation
21:52:20.908 [main] INFO  testCases.TC_023_Affiliate - Home Page Displayed 
21:52:21.725 [main] INFO  testCases.TC_023_Affiliate - Clicked On The My Account
21:52:24.809 [main] INFO  testCases.TC_023_Affiliate - Clicked On the Login
21:52:27.039 [main] INFO  testCases.TC_023_Affiliate - Provided Email 
21:52:27.191 [main] INFO  testCases.TC_023_Affiliate - Provided Password 
21:52:28.619 [main] INFO  testCases.TC_023_Affiliate - Clicked on Login
21:52:32.231 [main] INFO  testCases.TC_023_Affiliate - Clicked On the Edit Affiliate Program
21:52:34.391 [main] INFO  testCases.TC_023_Affiliate - Filled company Name
21:52:36.573 [main] INFO  testCases.TC_023_Affiliate - Filled WebSite Name
21:52:38.728 [main] INFO  testCases.TC_023_Affiliate - Clicked On the Tax_id
21:52:40.843 [main] INFO  testCases.TC_023_Affiliate - Selected Payment Method
21:52:42.996 [main] INFO  testCases.TC_023_Affiliate - Clicked On the Cheque Payee
21:52:46.213 [main] INFO  testCases.TC_023_Affiliate - Clicked On the Continue Button
21:54:29.827 [main] INFO  testCases.TC_023_Affiliate - Launched chrome Browser
21:54:29.870 [main] INFO  testCases.TC_023_Affiliate - Starting TC_023_MyAccountInformation
21:54:34.861 [main] INFO  testCases.TC_023_Affiliate - Home Page Displayed 
21:54:35.710 [main] INFO  testCases.TC_023_Affiliate - Clicked On The My Account
21:54:38.665 [main] INFO  testCases.TC_023_Affiliate - Clicked On the Login
21:54:40.926 [main] INFO  testCases.TC_023_Affiliate - Provided Email 
21:54:41.068 [main] INFO  testCases.TC_023_Affiliate - Provided Password 
21:54:42.349 [main] INFO  testCases.TC_023_Affiliate - Clicked on Login
21:54:43.107 [main] INFO  testCases.TC_023_Affiliate - Clicked On the Edit Affiliate Program
21:54:45.471 [main] INFO  testCases.TC_023_Affiliate - Filled company Name
21:54:47.744 [main] INFO  testCases.TC_023_Affiliate - Filled WebSite Name
21:54:49.974 [main] INFO  testCases.TC_023_Affiliate - Clicked On the Tax_id
21:54:52.090 [main] INFO  testCases.TC_023_Affiliate - Selected Payment Method
21:54:54.229 [main] INFO  testCases.TC_023_Affiliate - Clicked On the Cheque Payee
21:54:58.766 [main] INFO  testCases.TC_023_Affiliate - Clicked On the Continue Button
21:55:41.903 [main] INFO  testCases.TC_023_Affiliate - Launched chrome Browser
21:55:41.963 [main] INFO  testCases.TC_023_Affiliate - Starting TC_023_MyAccountInformation
21:55:48.181 [main] INFO  testCases.TC_023_Affiliate - Home Page Displayed 
21:55:48.860 [main] INFO  testCases.TC_023_Affiliate - Clicked On The My Account
21:55:51.738 [main] INFO  testCases.TC_023_Affiliate - Clicked On the Login
21:55:53.964 [main] INFO  testCases.TC_023_Affiliate - Provided Email 
21:55:54.114 [main] INFO  testCases.TC_023_Affiliate - Provided Password 
21:55:55.196 [main] INFO  testCases.TC_023_Affiliate - Clicked on Login
21:55:56.005 [main] INFO  testCases.TC_023_Affiliate - Clicked On the Edit Affiliate Program
21:55:58.224 [main] INFO  testCases.TC_023_Affiliate - Filled company Name
21:56:00.657 [main] INFO  testCases.TC_023_Affiliate - Filled WebSite Name
21:56:02.902 [main] INFO  testCases.TC_023_Affiliate - Clicked On the Tax_id
21:56:05.001 [main] INFO  testCases.TC_023_Affiliate - Selected Payment Method
21:56:07.213 [main] INFO  testCases.TC_023_Affiliate - Clicked On the Cheque Payee
21:56:10.142 [main] INFO  testCases.TC_023_Affiliate - Clicked On the Continue Button
21:58:33.706 [main] INFO  testCases.TC_023_Affiliate - Launched chrome Browser
21:58:33.751 [main] INFO  testCases.TC_023_Affiliate - Starting TC_023_MyAccountInformation
21:58:37.391 [main] INFO  testCases.TC_023_Affiliate - Home Page Displayed 
21:58:38.262 [main] INFO  testCases.TC_023_Affiliate - Clicked On The My Account
21:58:41.387 [main] INFO  testCases.TC_023_Affiliate - Clicked On the Login
21:58:43.612 [main] INFO  testCases.TC_023_Affiliate - Provided Email 
21:58:43.785 [main] INFO  testCases.TC_023_Affiliate - Provided Password 
21:58:45.281 [main] INFO  testCases.TC_023_Affiliate - Clicked on Login
21:58:46.198 [main] INFO  testCases.TC_023_Affiliate - Clicked On the Edit Affiliate Program
21:58:48.421 [main] INFO  testCases.TC_023_Affiliate - Filled company Name
21:58:50.703 [main] INFO  testCases.TC_023_Affiliate - Filled WebSite Name
21:58:52.901 [main] INFO  testCases.TC_023_Affiliate - Clicked On the Tax_id
21:58:55.020 [main] INFO  testCases.TC_023_Affiliate - Selected Payment Method
21:58:57.311 [main] INFO  testCases.TC_023_Affiliate - Clicked On the Cheque Payee
21:59:01.315 [main] INFO  testCases.TC_023_Affiliate - Clicked On the Continue Button
21:59:06.919 [main] INFO  testCases.TC_024_ContactUs - Launched chrome Browser
21:59:06.929 [main] INFO  testCases.TC_024_ContactUs - Starting TC_024_MyAccountInformation
21:59:12.869 [main] INFO  testCases.TC_024_ContactUs - Home Page Displayed 
21:59:13.215 [main] INFO  testCases.TC_024_ContactUs - Clicked On The My Account
21:59:16.303 [main] INFO  testCases.TC_024_ContactUs - Clicked On the Login
21:59:18.537 [main] INFO  testCases.TC_024_ContactUs - Provided Email 
21:59:18.681 [main] INFO  testCases.TC_024_ContactUs - Provided Password 
21:59:19.883 [main] INFO  testCases.TC_024_ContactUs - Clicked on Login
21:59:23.577 [main] INFO  testCases.TC_024_ContactUs - Clicked On The Contact Us 
21:59:25.828 [main] INFO  testCases.TC_024_ContactUs - Entered The Name
21:59:28.073 [main] INFO  testCases.TC_024_ContactUs - Entered The Email
21:59:30.264 [main] INFO  testCases.TC_024_ContactUs - Entered Product NAme
21:59:33.278 [main] INFO  testCases.TC_024_ContactUs - Clicked On The Submmit Button
22:01:07.016 [main] INFO  testCases.TC_025_FooterOption - Launched chrome Browser
22:01:07.063 [main] INFO  testCases.TC_025_FooterOption - Starting TC_025_FooterOption
22:01:11.209 [main] INFO  testCases.TC_025_FooterOption - Home Page Displayed 
22:01:12.038 [main] INFO  testCases.TC_025_FooterOption - Clicked On The My Account
22:01:15.078 [main] INFO  testCases.TC_025_FooterOption - Clicked On the Login
22:01:17.310 [main] INFO  testCases.TC_025_FooterOption - Provided Email 
22:01:17.471 [main] INFO  testCases.TC_025_FooterOption - Provided Password 
22:01:18.531 [main] INFO  testCases.TC_025_FooterOption - Clicked on Login
22:01:19.986 [main] INFO  testCases.TC_025_FooterOption - Clicked On The Brand Link
22:01:25.081 [main] INFO  testCases.TC_025_FooterOption - Clicked On The Canon Link
22:01:27.187 [main] INFO  testCases.TC_025_FooterOption - Clicked on the Grid Link
22:01:29.302 [main] INFO  testCases.TC_025_FooterOption - Clicked On The Compare Product
22:03:02.651 [main] INFO  testCases.TC_027_GiftCertificate - Launched chrome Browser
22:03:02.685 [main] INFO  testCases.TC_027_GiftCertificate - Starting TC_027_FooterOption
22:03:06.604 [main] INFO  testCases.TC_027_GiftCertificate - Home Page Displayed 
22:03:07.493 [main] INFO  testCases.TC_027_GiftCertificate - Clicked On The My Account
22:03:10.276 [main] INFO  testCases.TC_027_GiftCertificate - Clicked On the Login
22:03:12.518 [main] INFO  testCases.TC_027_GiftCertificate - Provided Email 
22:03:12.672 [main] INFO  testCases.TC_027_GiftCertificate - Provided Password 
22:03:13.916 [main] INFO  testCases.TC_027_GiftCertificate - Clicked on Login
22:03:16.115 [main] INFO  testCases.TC_027_GiftCertificate - Clicked On The Gift Certificate Link
22:03:18.337 [main] INFO  testCases.TC_027_GiftCertificate - Entered Reciepent Name 
22:03:20.601 [main] INFO  testCases.TC_027_GiftCertificate - Entered Recipient Email
22:03:22.890 [main] INFO  testCases.TC_027_GiftCertificate - Enter Your Name 
22:03:25.321 [main] INFO  testCases.TC_027_GiftCertificate - Entered your Email
22:03:27.444 [main] INFO  testCases.TC_027_GiftCertificate - Clicked On THE Radio Button
22:03:29.590 [main] INFO  testCases.TC_027_GiftCertificate - Entered the Description
22:03:31.728 [main] INFO  testCases.TC_027_GiftCertificate - Enterred Amount
22:03:33.838 [main] INFO  testCases.TC_027_GiftCertificate - Clicked On The Agree Box 
22:03:36.504 [main] INFO  testCases.TC_027_GiftCertificate - Clicked On The Continue Button
22:13:29.888 [main] INFO  testCases.TC_027_GiftCertificate - Launched chrome Browser
22:13:29.920 [main] INFO  testCases.TC_027_GiftCertificate - Starting TC_027_FooterOption
22:13:35.948 [main] INFO  testCases.TC_027_GiftCertificate - Home Page Displayed 
22:13:36.314 [main] INFO  testCases.TC_027_GiftCertificate - Clicked On The My Account
22:13:39.409 [main] INFO  testCases.TC_027_GiftCertificate - Clicked On the Login
22:13:41.652 [main] INFO  testCases.TC_027_GiftCertificate - Provided Email 
22:13:41.809 [main] INFO  testCases.TC_027_GiftCertificate - Provided Password 
22:13:43.242 [main] INFO  testCases.TC_027_GiftCertificate - Clicked on Login
22:13:44.055 [main] INFO  testCases.TC_027_GiftCertificate - Clicked On The Gift Certificate Link
22:13:46.291 [main] INFO  testCases.TC_027_GiftCertificate - Entered Reciepent Name 
22:13:48.559 [main] INFO  testCases.TC_027_GiftCertificate - Entered Recipient Email
22:13:50.812 [main] INFO  testCases.TC_027_GiftCertificate - Enter Your Name 
22:13:53.492 [main] INFO  testCases.TC_027_GiftCertificate - Entered your Email
22:13:55.645 [main] INFO  testCases.TC_027_GiftCertificate - Clicked On THE Radio Button
22:13:57.809 [main] INFO  testCases.TC_027_GiftCertificate - Entered the Description
22:13:59.941 [main] INFO  testCases.TC_027_GiftCertificate - Enterred Amount
22:14:02.078 [main] INFO  testCases.TC_027_GiftCertificate - Clicked On The Agree Box 
22:14:04.841 [main] INFO  testCases.TC_027_GiftCertificate - Clicked On The Continue Button
22:19:51.252 [main] INFO  testCases.TC_027_GiftCertificate - Launched chrome Browser
22:19:51.645 [main] INFO  testCases.TC_027_GiftCertificate - Starting TC_027_FooterOption
22:19:58.900 [main] INFO  testCases.TC_027_GiftCertificate - Home Page Displayed 
22:20:03.567 [main] INFO  testCases.TC_027_GiftCertificate - Clicked On The My Account
22:20:07.578 [main] INFO  testCases.TC_027_GiftCertificate - Clicked On the Login
22:20:10.075 [main] INFO  testCases.TC_027_GiftCertificate - Provided Email 
22:20:10.221 [main] INFO  testCases.TC_027_GiftCertificate - Provided Password 
22:20:11.681 [main] INFO  testCases.TC_027_GiftCertificate - Clicked on Login
22:20:12.683 [main] INFO  testCases.TC_027_GiftCertificate - Clicked On The Gift Certificate Link
22:20:15.005 [main] INFO  testCases.TC_027_GiftCertificate - Entered Reciepent Name 
22:20:17.323 [main] INFO  testCases.TC_027_GiftCertificate - Entered Recipient Email
22:20:19.735 [main] INFO  testCases.TC_027_GiftCertificate - Enter Your Name 
22:20:22.154 [main] INFO  testCases.TC_027_GiftCertificate - Entered your Email
22:20:24.370 [main] INFO  testCases.TC_027_GiftCertificate - Clicked On THE Radio Button
22:20:26.627 [main] INFO  testCases.TC_027_GiftCertificate - Entered the Description
22:20:28.782 [main] INFO  testCases.TC_027_GiftCertificate - Enterred Amount
22:20:30.887 [main] INFO  testCases.TC_027_GiftCertificate - Clicked On The Agree Box 
22:20:33.823 [main] INFO  testCases.TC_027_GiftCertificate - Clicked On The Continue Button
22:24:04.475 [main] INFO  testCases.TC_001_AccountRegistrationPage - Launched chrome Browser
22:24:04.521 [main] INFO  testCases.TC_001_AccountRegistrationPage - Strating TC_001_AccountRegistration
22:24:10.340 [main] INFO  testCases.TC_001_AccountRegistrationPage - Home Page Displayed 
22:24:11.995 [main] INFO  testCases.TC_001_AccountRegistrationPage - Clicked on My Account 
22:24:16.009 [main] INFO  testCases.TC_001_AccountRegistrationPage - Clicked on Register 
22:24:16.264 [main] INFO  testCases.TC_001_AccountRegistrationPage - Provided First Name 
22:24:16.501 [main] INFO  testCases.TC_001_AccountRegistrationPage - Provided Last Name 
22:24:16.795 [main] INFO  testCases.TC_001_AccountRegistrationPage - Provided Email 
22:24:16.961 [main] INFO  testCases.TC_001_AccountRegistrationPage - Provided Telephone 
22:24:17.123 [main] INFO  testCases.TC_001_AccountRegistrationPage - Provided Password 
22:24:17.283 [main] INFO  testCases.TC_001_AccountRegistrationPage - Provided Confrmed Password 
22:24:18.205 [main] INFO  testCases.TC_001_AccountRegistrationPage - Clicked on Continue 
22:24:33.289 [main] ERROR testCases.TC_001_AccountRegistrationPage - Account Registration Failed 
22:24:37.397 [main] INFO  testCases.TC_002_Login - Launched chrome Browser
22:24:37.406 [main] INFO  testCases.TC_002_Login -  Starting TC_002_Login 
22:24:43.239 [main] INFO  testCases.TC_002_Login - Home Page Displayed 
22:24:44.541 [main] INFO  testCases.TC_002_Login - Clicked on My Account 
22:24:45.645 [main] INFO  testCases.TC_002_Login - Clicked on Login 
22:24:45.869 [main] INFO  testCases.TC_002_Login - Provided Email 
22:24:46.084 [main] INFO  testCases.TC_002_Login - Provided Password 
22:24:47.233 [main] INFO  testCases.TC_002_Login - Clicked on Login
22:24:47.344 [main] INFO  testCases.TC_002_Login - Login Success 
22:24:47.345 [main] INFO  testCases.TC_002_Login -  Finished TC_002_Login 
22:24:49.942 [main] INFO  testCases.TC_003_LoginDDT - Launched chrome Browser
22:24:56.970 [main] INFO  testCases.TC_003_LoginDDT -  Starting TC_003_LoginDDT 
22:24:59.050 [main] INFO  testCases.TC_003_LoginDDT - Home Page Displayed 
22:24:59.662 [main] INFO  testCases.TC_003_LoginDDT - Clicked on My Account 
22:25:00.673 [main] INFO  testCases.TC_003_LoginDDT - Clicked on Login 
22:25:00.864 [main] INFO  testCases.TC_003_LoginDDT - Provided Email 
22:25:01.031 [main] INFO  testCases.TC_003_LoginDDT - Provided Password 
22:25:02.098 [main] INFO  testCases.TC_003_LoginDDT - Clicked on Login
22:25:02.164 [main] INFO  testCases.TC_003_LoginDDT - Login Success 
22:25:03.667 [main] INFO  testCases.TC_003_LoginDDT -  Finished TC_003_LoginDDT 
22:25:03.674 [main] INFO  testCases.TC_003_LoginDDT -  Starting TC_003_LoginDDT 
22:25:04.432 [main] INFO  testCases.TC_003_LoginDDT - Home Page Displayed 
22:25:04.589 [main] INFO  testCases.TC_003_LoginDDT - Clicked on My Account 
22:25:05.270 [main] INFO  testCases.TC_003_LoginDDT - Clicked on Login 
22:25:05.486 [main] INFO  testCases.TC_003_LoginDDT - Provided Email 
22:25:05.616 [main] INFO  testCases.TC_003_LoginDDT - Provided Password 
22:25:06.296 [main] INFO  testCases.TC_003_LoginDDT - Clicked on Login
22:25:16.324 [main] ERROR testCases.TC_003_LoginDDT - Login Failed 
22:25:16.324 [main] INFO  testCases.TC_003_LoginDDT -  Finished TC_003_LoginDDT 
22:25:16.327 [main] INFO  testCases.TC_003_LoginDDT -  Starting TC_003_LoginDDT 
22:25:17.012 [main] INFO  testCases.TC_003_LoginDDT - Home Page Displayed 
22:25:17.165 [main] INFO  testCases.TC_003_LoginDDT - Clicked on My Account 
22:25:18.546 [main] INFO  testCases.TC_003_LoginDDT - Clicked on Login 
22:25:18.741 [main] INFO  testCases.TC_003_LoginDDT - Provided Email 
22:25:18.900 [main] INFO  testCases.TC_003_LoginDDT - Provided Password 
22:25:19.586 [main] INFO  testCases.TC_003_LoginDDT - Clicked on Login
22:25:29.635 [main] ERROR testCases.TC_003_LoginDDT - Login Failed 
22:25:29.635 [main] INFO  testCases.TC_003_LoginDDT -  Finished TC_003_LoginDDT 
22:25:29.639 [main] INFO  testCases.TC_003_LoginDDT -  Starting TC_003_LoginDDT 
22:25:30.511 [main] INFO  testCases.TC_003_LoginDDT - Home Page Displayed 
22:25:30.627 [main] INFO  testCases.TC_003_LoginDDT - Clicked on My Account 
22:25:31.410 [main] INFO  testCases.TC_003_LoginDDT - Clicked on Login 
22:25:31.682 [main] INFO  testCases.TC_003_LoginDDT - Provided Email 
22:25:31.795 [main] INFO  testCases.TC_003_LoginDDT - Provided Password 
22:25:33.125 [main] INFO  testCases.TC_003_LoginDDT - Clicked on Login
22:25:43.211 [main] ERROR testCases.TC_003_LoginDDT - Login Failed 
22:25:43.212 [main] INFO  testCases.TC_003_LoginDDT -  Finished TC_003_LoginDDT 
22:25:45.429 [main] INFO  testCases.TC_004_Search - Launched chrome Browser
22:25:45.436 [main] INFO  testCases.TC_004_Search -  Starting TC_004_Search 
22:25:50.223 [main] INFO  testCases.TC_004_Search - Home Page Displayed 
22:25:52.573 [main] INFO  testCases.TC_004_Search - Enter any Product
22:26:06.449 [main] ERROR testCases.TC_004_Search - Search Success 
22:26:06.593 [main] INFO  testCases.TC_004_Search -  Finished TC_004Search 
22:26:08.597 [main] INFO  testCases.TC_005_Forgot_Password - Launched chrome Browser
22:26:08.605 [main] INFO  testCases.TC_005_Forgot_Password - Starting TC_005_ForgotPassword
22:26:13.708 [main] INFO  testCases.TC_005_Forgot_Password - Home Page Displayed 
22:26:14.055 [main] INFO  testCases.TC_005_Forgot_Password - Clicked on My Account 
22:26:15.106 [main] INFO  testCases.TC_005_Forgot_Password - Clicked on Login 
22:26:17.381 [main] INFO  testCases.TC_005_Forgot_Password - Provided Email 
22:26:26.411 [main] INFO  testCases.TC_005_Forgot_Password - Provided confirmation email
22:26:33.607 [main] INFO  testCases.TC_005_Forgot_Password - Finished TC_009_ForgotPassword
22:26:39.000 [main] INFO  testCases.TC_006_AddToCart - Launched chrome Browser
22:26:39.006 [main] INFO  testCases.TC_006_AddToCart - Starting TC_006_Addcart
22:26:39.006 [main] INFO  testCases.TC_006_AddToCart - Starting TC_006_AddToCart
22:26:45.607 [main] INFO  testCases.TC_006_AddToCart - Home Page Displayed 
22:26:48.989 [main] INFO  testCases.TC_006_AddToCart - Enter any Product
22:26:54.998 [main] INFO  testCases.TC_006_AddToCart - product displayed on HomePage
22:26:55.102 [main] INFO  testCases.TC_006_AddToCart - product added to cart
22:26:57.156 [main] INFO  testCases.TC_006_AddToCart - Search page is Success 
22:26:57.157 [main] INFO  testCases.TC_006_AddToCart - Finished TC_006_AddToCart
22:27:01.238 [main] INFO  testCases.TC_007_CompareProduct - Launched chrome Browser
22:27:01.249 [main] INFO  testCases.TC_007_CompareProduct - Strating TC_007_ProductCompare
22:27:06.350 [main] INFO  testCases.TC_007_CompareProduct - Home Page Displayed 
22:27:09.689 [main] INFO  testCases.TC_007_CompareProduct - Enter any Product
22:27:15.353 [main] INFO  testCases.TC_007_CompareProduct - product displayed on HomePage
22:27:18.452 [main] INFO  testCases.TC_007_CompareProduct - products comparing
22:27:24.896 [main] INFO  testCases.TC_008_ProductDisplayPage - Launched chrome Browser
22:27:24.903 [main] INFO  testCases.TC_008_ProductDisplayPage - Starting TC_008_ProductDisplayPage
22:27:30.255 [main] INFO  testCases.TC_008_ProductDisplayPage - Home Page Displayed 
22:27:32.633 [main] INFO  testCases.TC_008_ProductDisplayPage - Enter any Product
22:27:35.528 [main] INFO  testCases.TC_008_ProductDisplayPage - clicked on the search button
22:27:41.567 [main] INFO  testCases.TC_008_ProductDisplayPage - clicked on the image
22:27:44.048 [main] INFO  testCases.TC_008_ProductDisplayPage - click the Product
22:27:46.135 [main] INFO  testCases.TC_008_ProductDisplayPage - clicked on right side arrow
22:27:48.199 [main] INFO  testCases.TC_008_ProductDisplayPage - clicked on right side arrow
22:27:50.302 [main] INFO  testCases.TC_008_ProductDisplayPage - clicked on left side arrow
22:27:52.373 [main] INFO  testCases.TC_008_ProductDisplayPage - clicked on left side arrow
22:27:54.481 [main] INFO  testCases.TC_008_ProductDisplayPage - clicked on esc Button
22:27:54.611 [main] INFO  testCases.TC_008_ProductDisplayPage - click the Product Review
22:27:57.754 [main] INFO  testCases.TC_008_ProductDisplayPage - clicked on the Continue Button
22:27:59.816 [main] INFO  testCases.TC_008_ProductDisplayPage - ProductDisplayPage  success 
22:27:59.816 [main] INFO  testCases.TC_008_ProductDisplayPage -  Finished TC_008_ProductDisplayPage
22:28:02.731 [main] INFO  testCases.TC_009_WishList - Launched chrome Browser
22:28:02.736 [main] INFO  testCases.TC_009_WishList - Starting TC_009_WishList
22:28:10.554 [main] INFO  testCases.TC_009_WishList - Home Page Displayed 
22:28:12.890 [main] INFO  testCases.TC_009_WishList - Enter any Product
22:28:17.994 [main] INFO  testCases.TC_009_WishList - clicked on the search button
22:28:22.156 [main] INFO  testCases.TC_009_WishList - clicked on the searched image
22:28:25.284 [main] INFO  testCases.TC_009_WishList - Clicked on the WishList Symbol
22:28:27.408 [main] INFO  testCases.TC_009_WishList - Clicked on MyAccount
22:28:30.681 [main] INFO  testCases.TC_009_WishList - Clicked on the Login
22:28:30.970 [main] INFO  testCases.TC_009_WishList - Email is provided
22:28:31.159 [main] INFO  testCases.TC_009_WishList - Password is Provided
22:28:32.834 [main] INFO  testCases.TC_009_WishList - Clicked on Login Button
22:28:42.853 [main] INFO  testCases.TC_009_WishList - Search Success
22:28:42.853 [main] INFO  testCases.TC_009_WishList - TC_009_WishList Complited
22:28:46.845 [main] INFO  testCases.TC_010_ShoppingCart - Launched chrome Browser
22:28:46.850 [main] INFO  testCases.TC_010_ShoppingCart - Starting TC_010_ShoppingCart
22:28:52.458 [main] INFO  testCases.TC_010_ShoppingCart - Home Page Displayed 
22:28:52.757 [main] INFO  testCases.TC_010_ShoppingCart - Enter Any Product
22:28:55.185 [main] INFO  testCases.TC_010_ShoppingCart - Clicked OnThe Search Button Icon
22:28:59.361 [main] INFO  testCases.TC_010_ShoppingCart - clicked On The Searched Product
22:29:00.648 [main] INFO  testCases.TC_010_ShoppingCart - Clicked On Add To Cart
22:29:06.443 [main] INFO  testCases.TC_010_ShoppingCart - Clicked On Shop Cart
22:29:07.539 [main] INFO  testCases.TC_010_ShoppingCart - Clicked on Use Coupon Code
22:29:08.727 [main] INFO  testCases.TC_010_ShoppingCart - Entered Coupon Code
22:29:09.831 [main] INFO  testCases.TC_010_ShoppingCart - Clickd On Apply Coupon
22:29:12.969 [main] INFO  testCases.TC_010_ShoppingCart - Clicked on the Estimate Shipping And Taxes in DropDown
22:29:14.453 [main] INFO  testCases.TC_010_ShoppingCart - Clicked on The Country DropDown
22:29:16.426 [main] INFO  testCases.TC_010_ShoppingCart - Selected the Country
22:29:19.584 [main] INFO  testCases.TC_010_ShoppingCart - Clicked On The Select Dropdown
22:29:21.718 [main] INFO  testCases.TC_010_ShoppingCart - Clicked On The Select State
22:29:24.896 [main] INFO  testCases.TC_010_ShoppingCart - Provided Pincode
22:29:27.006 [main] INFO  testCases.TC_010_ShoppingCart - Clicked on the Get Quotes Button 
22:29:30.111 [main] INFO  testCases.TC_010_ShoppingCart - Clicked on The Cancel Button
22:29:33.219 [main] INFO  testCases.TC_010_ShoppingCart - Clicked on the Use Gift Certificate 
22:29:34.398 [main] INFO  testCases.TC_010_ShoppingCart - Clicked on The Gift Certificate Code
22:29:35.526 [main] INFO  testCases.TC_010_ShoppingCart - Clicked on apply Gift Button
22:29:40.485 [main] INFO  testCases.TC_010_ShoppingCart - Clicked on the Continue Shopping
22:29:44.796 [main] INFO  testCases.TC_011_Checkout - Launched chrome Browser
22:29:44.802 [main] INFO  testCases.TC_011_Checkout - Starting TC_010_ShoppingCart
22:29:49.337 [main] INFO  testCases.TC_011_Checkout - Home Page Displayed 
22:29:49.667 [main] INFO  testCases.TC_011_Checkout - Enter Any Product
22:29:53.157 [main] INFO  testCases.TC_011_Checkout - Clicked OnThe Search Button Icon
22:29:57.218 [main] INFO  testCases.TC_011_Checkout - clicked On The Searched Product
22:29:58.562 [main] INFO  testCases.TC_011_Checkout - Clicked On Add To Cart
22:30:00.481 [main] INFO  testCases.TC_011_Checkout - Clicked on the View Cart
22:30:05.787 [main] INFO  testCases.TC_011_Checkout - Clicked on The Checkout
22:30:08.111 [main] INFO  testCases.TC_011_Checkout - Email Provided
22:30:08.249 [main] INFO  testCases.TC_011_Checkout - Password Provided
22:30:08.381 [main] INFO  testCases.TC_011_Checkout - Clicked On The Login
22:30:31.716 [main] INFO  testCases.TC_011_Checkout - Checkout Success 
22:30:31.716 [main] INFO  testCases.TC_011_Checkout -  Finished TC_011_Checkout 
22:30:33.581 [main] INFO  testCases.TC_012_MyAccount - Launched chrome Browser
22:30:33.611 [main] INFO  testCases.TC_012_MyAccount - Starting TC_012_MyAccount
22:30:42.320 [main] INFO  testCases.TC_012_MyAccount - Home Page Displayed 
22:30:42.654 [main] INFO  testCases.TC_012_MyAccount - Clicked On The My Account
22:30:47.517 [main] INFO  testCases.TC_012_MyAccount - Clicked On the Login
22:30:49.777 [main] INFO  testCases.TC_012_MyAccount - Provided Email Address 
22:30:51.929 [main] INFO  testCases.TC_012_MyAccount - Provided Password
22:30:56.707 [main] INFO  testCases.TC_012_MyAccount - Clickded On THe Login Button
22:30:58.798 [main] INFO  testCases.TC_012_MyAccount - Clicked On The My Account
22:31:01.855 [main] INFO  testCases.TC_012_MyAccount - Clicked on The Logout
22:31:05.684 [main] INFO  testCases.TC_012_MyAccount - Clicked On The Footer Section Text
22:31:10.886 [main] INFO  testCases.TC_013_MyAccountInformation - Launched chrome Browser
22:31:10.890 [main] INFO  testCases.TC_013_MyAccountInformation - Starting TC_013_MyAccountInformation
22:31:18.954 [main] INFO  testCases.TC_013_MyAccountInformation - Home Page Displayed 
22:31:19.338 [main] INFO  testCases.TC_013_MyAccountInformation - Clicked On The My Account
22:31:22.323 [main] INFO  testCases.TC_013_MyAccountInformation - Clicked On the Login
22:31:24.538 [main] INFO  testCases.TC_013_MyAccountInformation - Provided Email Address 
22:31:26.714 [main] INFO  testCases.TC_013_MyAccountInformation - Provided Password
22:31:29.663 [main] INFO  testCases.TC_013_MyAccountInformation - Clickded On THe Login Button
22:31:32.801 [main] INFO  testCases.TC_013_MyAccountInformation - Clicked On The My Account Information
22:31:35.011 [main] INFO  testCases.TC_013_MyAccountInformation - Clicked On The Edit Telephpne
22:31:37.025 [main] INFO  testCases.TC_013_MyAccountInformation - Finished TC_013_MyAccountInformation 
22:31:39.170 [main] INFO  testCases.TC_014_ChangePassword - Launched chrome Browser
22:31:39.175 [main] INFO  testCases.TC_014_ChangePassword - Starting TC_013_MyAccountInformation
22:31:44.919 [main] INFO  testCases.TC_014_ChangePassword - Home Page Displayed 
22:31:45.259 [main] INFO  testCases.TC_014_ChangePassword - Clicked On The My Account
22:31:48.028 [main] INFO  testCases.TC_014_ChangePassword - Clicked On the Login
22:31:50.237 [main] INFO  testCases.TC_014_ChangePassword - Provided Email Address 
22:31:52.481 [main] INFO  testCases.TC_014_ChangePassword - Provided Password
22:31:56.359 [main] INFO  testCases.TC_014_ChangePassword - Clickded On THe Login Button
22:32:00.640 [main] INFO  testCases.TC_014_ChangePassword - Clicked on The Change Password
22:32:02.774 [main] INFO  testCases.TC_014_ChangePassword - Clicked on the password
22:32:04.961 [main] INFO  testCases.TC_014_ChangePassword - Clicked on the confpassword
22:32:08.116 [main] INFO  testCases.TC_014_ChangePassword - Clicked On The Continue Button
22:32:13.538 [main] INFO  testCases.TC_015_AddressBook - Launched chrome Browser
22:32:13.542 [main] INFO  testCases.TC_015_AddressBook - Starting TC_013_MyAccountInformation
22:32:19.976 [main] INFO  testCases.TC_015_AddressBook - Home Page Displayed 
22:32:20.542 [main] INFO  testCases.TC_015_AddressBook - Clicked On The My Account
22:32:24.523 [main] INFO  testCases.TC_015_AddressBook - Clicked On the Login
22:32:26.729 [main] INFO  testCases.TC_015_AddressBook - Provided Email Address 
22:32:28.850 [main] INFO  testCases.TC_015_AddressBook - Provided Password
22:32:31.871 [main] INFO  testCases.TC_015_AddressBook - Clickded On THe Login Button
22:32:35.006 [main] INFO  testCases.TC_015_AddressBook - Clicked On The Address Book
22:32:38.030 [main] INFO  testCases.TC_015_AddressBook - Clicked On The New Address Button
22:32:41.057 [main] INFO  testCases.TC_015_AddressBook - Clicked On The BAck Button
22:32:45.337 [main] INFO  testCases.TC_016_Order_History - Launched chrome Browser
22:32:45.342 [main] INFO  testCases.TC_016_Order_History - Starting TC_016_MyAccountInformation
22:32:51.075 [main] INFO  testCases.TC_016_Order_History - Home Page Displayed 
22:32:51.618 [main] INFO  testCases.TC_016_Order_History - Clicked On The My Account
22:32:54.448 [main] INFO  testCases.TC_016_Order_History - Clicked On the Login
22:32:56.641 [main] INFO  testCases.TC_016_Order_History - Provided Email Address 
22:32:58.811 [main] INFO  testCases.TC_016_Order_History - Provided Password
22:33:02.038 [main] INFO  testCases.TC_016_Order_History - Clickded On THe Login Button
22:33:05.055 [main] INFO  testCases.TC_016_Order_History - Clicked On the Order History
22:33:08.193 [main] INFO  testCases.TC_016_Order_History - Clicked On The Continue Button
22:33:12.753 [main] INFO  testCases.TC_017_Downloads - Launched chrome Browser
22:33:12.758 [main] INFO  testCases.TC_017_Downloads - Starting TC_016_MyAccountInformation
22:33:17.575 [main] INFO  testCases.TC_017_Downloads - Home Page Displayed 
22:33:18.121 [main] INFO  testCases.TC_017_Downloads - Clicked On The My Account
22:33:21.136 [main] INFO  testCases.TC_017_Downloads - Clicked On the Login
22:33:23.364 [main] INFO  testCases.TC_017_Downloads - Provided Email Address 
22:33:25.492 [main] INFO  testCases.TC_017_Downloads - Provided Password
22:33:29.469 [main] INFO  testCases.TC_017_Downloads - Clickded On THe Login Button
22:33:33.821 [main] INFO  testCases.TC_017_Downloads - Clicked On The Download Button
22:33:38.329 [main] INFO  testCases.TC_018_RewardsPoint - Launched chrome Browser
22:33:38.338 [main] INFO  testCases.TC_018_RewardsPoint - Starting TC_016_MyAccountInformation
22:33:43.581 [main] INFO  testCases.TC_018_RewardsPoint - Home Page Displayed 
22:33:44.079 [main] INFO  testCases.TC_018_RewardsPoint - Clicked On The My Account
22:33:47.048 [main] INFO  testCases.TC_018_RewardsPoint - Clicked On the Login
22:33:49.297 [main] INFO  testCases.TC_018_RewardsPoint - Provided Email 
22:33:49.430 [main] INFO  testCases.TC_018_RewardsPoint - Provided Password 
22:33:51.390 [main] INFO  testCases.TC_018_RewardsPoint - Clicked on Login
22:33:52.560 [main] INFO  testCases.TC_018_RewardsPoint - Clicked On The Rewards Point
22:33:57.381 [main] INFO  testCases.TC_019_ReturnRequest - Launched chrome Browser
22:33:57.386 [main] INFO  testCases.TC_019_ReturnRequest - Starting TC_019_MyAccountInformation
22:34:03.780 [main] INFO  testCases.TC_019_ReturnRequest - Home Page Displayed 
22:34:04.514 [main] INFO  testCases.TC_019_ReturnRequest - Clicked On The My Account
22:34:08.416 [main] INFO  testCases.TC_019_ReturnRequest - Clicked On the Login
22:34:10.632 [main] INFO  testCases.TC_019_ReturnRequest - Provided Email 
22:34:10.765 [main] INFO  testCases.TC_019_ReturnRequest - Provided Password 
22:34:12.338 [main] INFO  testCases.TC_019_ReturnRequest - Clicked on Login
22:34:13.449 [main] INFO  testCases.TC_019_ReturnRequest - Clicked On The Return Request
22:34:20.138 [main] INFO  testCases.TC_020_Transactions - Launched chrome Browser
22:34:20.143 [main] INFO  testCases.TC_020_Transactions - Starting TC_020_MyAccountInformation
22:34:26.434 [main] INFO  testCases.TC_020_Transactions - Home Page Displayed 
22:34:26.830 [main] INFO  testCases.TC_020_Transactions - Clicked On The My Account
22:34:29.908 [main] INFO  testCases.TC_020_Transactions - Clicked On the Login
22:34:32.218 [main] INFO  testCases.TC_020_Transactions - Provided Email 
22:34:32.362 [main] INFO  testCases.TC_020_Transactions - Provided Password 
22:34:34.680 [main] INFO  testCases.TC_020_Transactions - Clicked on Login
22:34:35.861 [main] INFO  testCases.TC_020_Transactions - Clicked On The Your Transactions
22:34:40.148 [main] INFO  testCases.TC_021_RecurringPayment - Launched chrome Browser
22:34:40.152 [main] INFO  testCases.TC_021_RecurringPayment - Starting TC_021_MyAccountInformation
22:34:45.211 [main] INFO  testCases.TC_021_RecurringPayment - Home Page Displayed 
22:34:45.843 [main] INFO  testCases.TC_021_RecurringPayment - Clicked On The My Account
22:34:48.829 [main] INFO  testCases.TC_021_RecurringPayment - Clicked On the Login
22:34:51.049 [main] INFO  testCases.TC_021_RecurringPayment - Provided Email 
22:34:51.213 [main] INFO  testCases.TC_021_RecurringPayment - Provided Password 
22:34:52.734 [main] INFO  testCases.TC_021_RecurringPayment - Clicked on Login
22:34:53.904 [main] INFO  testCases.TC_021_RecurringPayment - Clicked On The Recurring Payment
22:34:58.815 [main] INFO  testCases.TC_022_NewsLetter - Launched chrome Browser
22:34:58.819 [main] INFO  testCases.TC_022_NewsLetter - Starting TC_022_MyAccountInformation
22:35:07.162 [main] INFO  testCases.TC_022_NewsLetter - Home Page Displayed 
22:35:07.480 [main] INFO  testCases.TC_022_NewsLetter - Clicked On The My Account
22:35:10.316 [main] INFO  testCases.TC_022_NewsLetter - Clicked On the Login
22:35:12.525 [main] INFO  testCases.TC_022_NewsLetter - Provided Email 
22:35:12.665 [main] INFO  testCases.TC_022_NewsLetter - Provided Password 
22:35:14.029 [main] INFO  testCases.TC_022_NewsLetter - Clicked on Login
22:35:15.120 [main] INFO  testCases.TC_022_NewsLetter - Clicked On The NewsLetter
22:35:18.367 [main] INFO  testCases.TC_022_NewsLetter - Clicked On The Continue Button
22:35:20.383 [main] INFO  testCases.TC_022_NewsLetter - Finished TC_022_NewsLetter
22:35:23.581 [main] INFO  testCases.TC_023_Affiliate - Launched chrome Browser
22:35:23.585 [main] INFO  testCases.TC_023_Affiliate - Starting TC_023_MyAccountInformation
22:35:29.150 [main] INFO  testCases.TC_023_Affiliate - Home Page Displayed 
22:35:29.823 [main] INFO  testCases.TC_023_Affiliate - Clicked On The My Account
22:35:32.653 [main] INFO  testCases.TC_023_Affiliate - Clicked On the Login
22:35:35.392 [main] INFO  testCases.TC_023_Affiliate - Provided Email 
22:35:35.538 [main] INFO  testCases.TC_023_Affiliate - Provided Password 
22:35:36.714 [main] INFO  testCases.TC_023_Affiliate - Clicked on Login
22:35:37.769 [main] INFO  testCases.TC_023_Affiliate - Clicked On the Edit Affiliate Program
22:35:39.959 [main] INFO  testCases.TC_023_Affiliate - Filled company Name
22:35:42.172 [main] INFO  testCases.TC_023_Affiliate - Filled WebSite Name
22:35:44.350 [main] INFO  testCases.TC_023_Affiliate - Clicked On the Tax_id
22:35:46.459 [main] INFO  testCases.TC_023_Affiliate - Selected Payment Method
22:35:48.661 [main] INFO  testCases.TC_023_Affiliate - Clicked On the Cheque Payee
22:35:51.666 [main] INFO  testCases.TC_023_Affiliate - Clicked On the Continue Button
22:35:56.739 [main] INFO  testCases.TC_024_ContactUs - Launched chrome Browser
22:35:56.743 [main] INFO  testCases.TC_024_ContactUs - Starting TC_024_MyAccountInformation
22:36:02.807 [main] INFO  testCases.TC_024_ContactUs - Home Page Displayed 
22:36:03.140 [main] INFO  testCases.TC_024_ContactUs - Clicked On The My Account
22:36:06.494 [main] INFO  testCases.TC_024_ContactUs - Clicked On the Login
22:36:09.234 [main] INFO  testCases.TC_024_ContactUs - Provided Email 
22:36:09.423 [main] INFO  testCases.TC_024_ContactUs - Provided Password 
22:36:11.165 [main] INFO  testCases.TC_024_ContactUs - Clicked on Login
22:36:12.222 [main] INFO  testCases.TC_024_ContactUs - Clicked On The Contact Us 
22:36:14.445 [main] INFO  testCases.TC_024_ContactUs - Entered The Name
22:36:16.702 [main] INFO  testCases.TC_024_ContactUs - Entered The Email
22:36:18.878 [main] INFO  testCases.TC_024_ContactUs - Entered Product NAme
22:36:22.046 [main] INFO  testCases.TC_024_ContactUs - Clicked On The Submmit Button
22:36:26.723 [main] INFO  testCases.TC_025_FooterOption - Launched chrome Browser
22:36:26.727 [main] INFO  testCases.TC_025_FooterOption - Starting TC_025_FooterOption
22:36:34.787 [main] INFO  testCases.TC_025_FooterOption - Home Page Displayed 
22:36:35.109 [main] INFO  testCases.TC_025_FooterOption - Clicked On The My Account
22:36:37.946 [main] INFO  testCases.TC_025_FooterOption - Clicked On the Login
22:36:41.041 [main] INFO  testCases.TC_025_FooterOption - Provided Email 
22:36:41.184 [main] INFO  testCases.TC_025_FooterOption - Provided Password 
22:36:43.112 [main] INFO  testCases.TC_025_FooterOption - Clicked on Login
22:36:44.166 [main] INFO  testCases.TC_025_FooterOption - Clicked On The Brand Link
22:36:47.323 [main] INFO  testCases.TC_025_FooterOption - Clicked On The Canon Link
22:36:49.419 [main] INFO  testCases.TC_025_FooterOption - Clicked on the Grid Link
22:36:51.528 [main] INFO  testCases.TC_025_FooterOption - Clicked On The Compare Product
22:36:55.813 [main] INFO  testCases.TC_027_GiftCertificate - Launched chrome Browser
22:36:55.818 [main] INFO  testCases.TC_027_GiftCertificate - Starting TC_027_FooterOption
22:37:01.330 [main] INFO  testCases.TC_027_GiftCertificate - Home Page Displayed 
22:37:01.777 [main] INFO  testCases.TC_027_GiftCertificate - Clicked On The My Account
22:37:04.556 [main] INFO  testCases.TC_027_GiftCertificate - Clicked On the Login
22:37:06.826 [main] INFO  testCases.TC_027_GiftCertificate - Provided Email 
22:37:06.962 [main] INFO  testCases.TC_027_GiftCertificate - Provided Password 
22:37:08.062 [main] INFO  testCases.TC_027_GiftCertificate - Clicked on Login
22:37:09.827 [main] INFO  testCases.TC_027_GiftCertificate - Clicked On The Gift Certificate Link
22:37:12.034 [main] INFO  testCases.TC_027_GiftCertificate - Entered Reciepent Name 
22:37:14.275 [main] INFO  testCases.TC_027_GiftCertificate - Entered Recipient Email
22:37:16.547 [main] INFO  testCases.TC_027_GiftCertificate - Enter Your Name 
22:37:19.027 [main] INFO  testCases.TC_027_GiftCertificate - Entered your Email
22:37:21.122 [main] INFO  testCases.TC_027_GiftCertificate - Clicked On THE Radio Button
22:37:23.256 [main] INFO  testCases.TC_027_GiftCertificate - Entered the Description
22:37:25.421 [main] INFO  testCases.TC_027_GiftCertificate - Enterred Amount
22:37:27.522 [main] INFO  testCases.TC_027_GiftCertificate - Clicked On The Agree Box 
22:37:31.811 [main] INFO  testCases.TC_027_GiftCertificate - Clicked On The Continue Button
22:45:04.822 [main] INFO  testCases.TC_001_AccountRegistrationPage - Launched chrome Browser
22:45:04.889 [main] INFO  testCases.TC_001_AccountRegistrationPage - Strating TC_001_AccountRegistration
22:45:09.728 [main] INFO  testCases.TC_001_AccountRegistrationPage - Home Page Displayed 
22:45:10.251 [main] INFO  testCases.TC_001_AccountRegistrationPage - Clicked on My Account 
22:45:11.863 [main] INFO  testCases.TC_001_AccountRegistrationPage - Clicked on Register 
22:45:12.186 [main] INFO  testCases.TC_001_AccountRegistrationPage - Provided First Name 
22:45:12.396 [main] INFO  testCases.TC_001_AccountRegistrationPage - Provided Last Name 
22:45:12.609 [main] INFO  testCases.TC_001_AccountRegistrationPage - Provided Email 
22:45:12.759 [main] INFO  testCases.TC_001_AccountRegistrationPage - Provided Telephone 
22:45:12.905 [main] INFO  testCases.TC_001_AccountRegistrationPage - Provided Password 
22:45:13.056 [main] INFO  testCases.TC_001_AccountRegistrationPage - Provided Confrmed Password 
22:45:13.158 [main] INFO  testCases.TC_001_AccountRegistrationPage - Set Privacy Policy 
22:45:20.574 [main] INFO  testCases.TC_001_AccountRegistrationPage - Clicked on Continue 
22:45:25.639 [main] INFO  testCases.TC_001_AccountRegistrationPage - Account Registration Success 
22:45:25.643 [main] INFO  testCases.TC_001_AccountRegistrationPage - Finished TC_001_AccountRegistration
22:45:28.621 [main] INFO  testCases.TC_002_Login - Launched chrome Browser
22:45:28.630 [main] INFO  testCases.TC_002_Login -  Starting TC_002_Login 
22:45:34.429 [main] INFO  testCases.TC_002_Login - Home Page Displayed 
22:45:34.758 [main] INFO  testCases.TC_002_Login - Clicked on My Account 
22:45:36.417 [main] INFO  testCases.TC_002_Login - Clicked on Login 
22:45:36.661 [main] INFO  testCases.TC_002_Login - Provided Email 
22:45:36.809 [main] INFO  testCases.TC_002_Login - Provided Password 
22:45:38.128 [main] INFO  testCases.TC_002_Login - Clicked on Login
22:45:38.228 [main] INFO  testCases.TC_002_Login - Login Success 
22:45:38.228 [main] INFO  testCases.TC_002_Login -  Finished TC_002_Login 
22:45:41.305 [main] INFO  testCases.TC_003_LoginDDT - Launched chrome Browser
22:45:47.009 [main] INFO  testCases.TC_003_LoginDDT -  Starting TC_003_LoginDDT 
22:45:48.957 [main] INFO  testCases.TC_003_LoginDDT - Home Page Displayed 
